\BOOKMARK [1][-]{section.1}{Introduction}{}% 1
\BOOKMARK [2][-]{subsection.1.1}{Model and Result}{section.1}% 2
\BOOKMARK [2][-]{subsection.1.2}{A Brief History of IDLA Shape Results}{section.1}% 3
\BOOKMARK [2][-]{subsection.1.3}{Early and Late Points}{section.1}% 4
\BOOKMARK [2][-]{subsection.1.4}{Proof Sketch}{section.1}% 5
\BOOKMARK [1][-]{section.2}{Preliminaries}{}% 6
\BOOKMARK [2][-]{subsection.2.1}{Brownian Motions}{section.2}% 7
\BOOKMARK [2][-]{subsection.2.2}{Martingales}{section.2}% 8
\BOOKMARK [2][-]{subsection.2.3}{Discrete Potential Theory}{section.2}% 9
\BOOKMARK [2][-]{subsection.2.4}{Potential Theory in Continuum}{section.2}% 10
\BOOKMARK [3][-]{subsubsection.2.4.1}{Harmonic Analysis}{subsection.2.4}% 11
\BOOKMARK [3][-]{subsubsection.2.4.2}{Poisson Kernel for the Ball}{subsection.2.4}% 12
\BOOKMARK [1][-]{section.3}{Stochastic Analysis on the Grid}{}% 13
\BOOKMARK [2][-]{subsection.3.1}{Grid-Harmonic Functions}{section.3}% 14
\BOOKMARK [2][-]{subsection.3.2}{Grid Brownian Motion}{section.3}% 15
\BOOKMARK [2][-]{subsection.3.3}{Harmonic Functions of Grid Brownian Motions}{section.3}% 16
\BOOKMARK [1][-]{section.4}{Approximating Discrete Poisson Kernel}{}% 17
\BOOKMARK [1][-]{section.5}{Grid IDLA}{}% 18
\BOOKMARK [2][-]{subsection.5.1}{Definition}{section.5}% 19
\BOOKMARK [2][-]{subsection.5.2}{Main Martingale}{section.5}% 20
\BOOKMARK [1][-]{section.6}{Logarithmic Fluctuations}{}% 21
\BOOKMARK [2][-]{subsection.6.1}{Proof of Theorem 1}{section.6}% 22
\BOOKMARK [1][-]{section.7}{Detect Early and Late Points}{}% 23
\BOOKMARK [2][-]{subsection.7.1}{Quadratic Variation Bounds}{section.7}% 24
\BOOKMARK [2][-]{subsection.7.2}{No Thin Tentacles}{section.7}% 25
\BOOKMARK [2][-]{subsection.7.3}{Proof: Early Points Imply Late Points}{section.7}% 26
\BOOKMARK [2][-]{subsection.7.4}{Proof: Late Points Imply Early Points}{section.7}% 27
\BOOKMARK [2][-]{subsection.7.5}{Proof: Quadratic Variation Bounds}{section.7}% 28
\BOOKMARK [2][-]{subsection.7.6}{Proof: No Very Late Point}{section.7}% 29
\BOOKMARK [1][-]{equation.7.26}{Index of Notation}{}% 30
\BOOKMARK [1][-]{section*.18}{References}{}% 31
\BOOKMARK [1][-]{section*.18}{Erkl\344rung}{}% 32
